0 info it worked if it ends with ok
1 verbose cli [ '/usr/bin/node', '/usr/bin/npm', 'remove', 'javascript.util' ]
2 info using npm@1.4.28
3 info using node@v0.10.37
4 verbose node symlink /usr/bin/node
5 verbose node_modules/javascript.util unbuild
6 info preuninstall javascript.util@0.12.11
7 info uninstall javascript.util@0.12.11
8 verbose true,/home/aaron/weather/node_modules,/home/aaron/weather/node_modules unbuild javascript.util@0.12.11
9 info postuninstall javascript.util@0.12.11
10 error Error: EACCES, unlink '/home/aaron/weather/node_modules/javascript.util/node_modules/.bin/bower'
10 error  { [Error: EACCES, unlink '/home/aaron/weather/node_modules/javascript.util/node_modules/.bin/bower']
10 error   errno: 3,
10 error   code: 'EACCES',
10 error   path: '/home/aaron/weather/node_modules/javascript.util/node_modules/.bin/bower' }
11 error Please try running this command again as root/Administrator.
12 error System Linux 3.16.0-36-generic
13 error command "/usr/bin/node" "/usr/bin/npm" "remove" "javascript.util"
14 error cwd /home/aaron/weather
15 error node -v v0.10.37
16 error npm -v 1.4.28
17 error path /home/aaron/weather/node_modules/javascript.util/node_modules/.bin/bower
18 error code EACCES
19 error errno 3
20 error stack Error: EACCES, unlink '/home/aaron/weather/node_modules/javascript.util/node_modules/.bin/bower'
21 verbose exit [ 3, true ]
